<?xml version="1.0" encoding="UTF-8"?>
<testng-results ignored="0" total="3" passed="2" failed="1" skipped="0">
  <reporter-output>
    <line>
      <![CDATA[Execution is started]]>
    </line>
    <line>
      <![CDATA[TestCase is successfully passed]]>
    </line>
    <line>
      <![CDATA[Execution is started]]>
    </line>
    <line>
      <![CDATA[TestCase is Failed]]>
    </line>
    <line>
      <![CDATA[Execution is started]]>
    </line>
    <line>
      <![CDATA[TestCase is successfully passed]]>
    </line>
  </reporter-output>
  <suite started-at="2022-04-15T23:28:04 IST" name="Suite" finished-at="2022-04-15T23:28:25 IST" duration-ms="21186">
    <groups>
    </groups>
    <test started-at="2022-04-15T23:28:04 IST" name="ChromTest" finished-at="2022-04-15T23:28:25 IST" duration-ms="21186">
      <class name="com.RealProject.TestClasses.TC02LogoutPageFuctionality">
        <test-method is-config="true" signature="setup(java.lang.String)[pri:0, instance:com.RealProject.TestClasses.TC02LogoutPageFuctionality@fa49800]" started-at="2022-04-15T23:28:21 IST" name="setup" finished-at="2022-04-15T23:28:24 IST" duration-ms="3735" status="PASS">
          <params>
            <param index="0">
              <value>
                <![CDATA[chrome]]>
              </value>
            </param>
          </params>
          <reporter-output>
          </reporter-output>
        </test-method> <!-- setup -->
        <test-method is-config="true" signature="login()[pri:0, instance:com.RealProject.TestClasses.TC02LogoutPageFuctionality@fa49800]" started-at="2022-04-15T23:28:24 IST" name="login" finished-at="2022-04-15T23:28:25 IST" duration-ms="536" status="PASS">
          <reporter-output>
          </reporter-output>
        </test-method> <!-- login -->
        <test-method signature="logoutFuctionality()[pri:0, instance:com.RealProject.TestClasses.TC02LogoutPageFuctionality@fa49800]" started-at="2022-04-15T23:28:25 IST" name="logoutFuctionality" finished-at="2022-04-15T23:28:25 IST" duration-ms="11" status="PASS">
          <reporter-output>
            <line>
              <![CDATA[Execution is started]]>
            </line>
            <line>
              <![CDATA[TestCase is successfully passed]]>
            </line>
          </reporter-output>
        </test-method> <!-- logoutFuctionality -->
        <test-method is-config="true" signature="tearDown()[pri:0, instance:com.RealProject.TestClasses.TC02LogoutPageFuctionality@fa49800]" started-at="2022-04-15T23:28:25 IST" name="tearDown" finished-at="2022-04-15T23:28:25 IST" duration-ms="194" status="PASS">
          <reporter-output>
          </reporter-output>
        </test-method> <!-- tearDown -->
        <test-method is-config="true" signature="CloseBrowser()[pri:0, instance:com.RealProject.TestClasses.TC02LogoutPageFuctionality@fa49800]" started-at="2022-04-15T23:28:25 IST" name="CloseBrowser" finished-at="2022-04-15T23:28:25 IST" duration-ms="270" status="PASS">
          <reporter-output>
          </reporter-output>
        </test-method> <!-- CloseBrowser -->
      </class> <!-- com.RealProject.TestClasses.TC02LogoutPageFuctionality -->
      <class name="com.RealProject.TestClasses.TC01LoginPageFuctionality">
        <test-method is-config="true" signature="setup(java.lang.String)[pri:0, instance:com.RealProject.TestClasses.TC01LoginPageFuctionality@1b1426f4]" started-at="2022-04-15T23:28:04 IST" name="setup" finished-at="2022-04-15T23:28:13 IST" duration-ms="8593" status="PASS">
          <params>
            <param index="0">
              <value>
                <![CDATA[chrome]]>
              </value>
            </param>
          </params>
          <reporter-output>
          </reporter-output>
        </test-method> <!-- setup -->
        <test-method is-config="true" signature="login()[pri:0, instance:com.RealProject.TestClasses.TC01LoginPageFuctionality@1b1426f4]" started-at="2022-04-15T23:28:13 IST" name="login" finished-at="2022-04-15T23:28:15 IST" duration-ms="2347" status="PASS">
          <reporter-output>
          </reporter-output>
        </test-method> <!-- login -->
        <test-method signature="LoginFuctionality()[pri:0, instance:com.RealProject.TestClasses.TC01LoginPageFuctionality@1b1426f4]" started-at="2022-04-15T23:28:15 IST" name="LoginFuctionality" finished-at="2022-04-15T23:28:15 IST" duration-ms="12" status="PASS">
          <reporter-output>
            <line>
              <![CDATA[Execution is started]]>
            </line>
            <line>
              <![CDATA[TestCase is successfully passed]]>
            </line>
          </reporter-output>
        </test-method> <!-- LoginFuctionality -->
        <test-method is-config="true" signature="tearDown()[pri:0, instance:com.RealProject.TestClasses.TC01LoginPageFuctionality@1b1426f4]" started-at="2022-04-15T23:28:15 IST" name="tearDown" finished-at="2022-04-15T23:28:15 IST" duration-ms="207" status="PASS">
          <reporter-output>
          </reporter-output>
        </test-method> <!-- tearDown -->
        <test-method is-config="true" signature="CloseBrowser()[pri:0, instance:com.RealProject.TestClasses.TC01LoginPageFuctionality@1b1426f4]" started-at="2022-04-15T23:28:15 IST" name="CloseBrowser" finished-at="2022-04-15T23:28:16 IST" duration-ms="333" status="PASS">
          <reporter-output>
          </reporter-output>
        </test-method> <!-- CloseBrowser -->
      </class> <!-- com.RealProject.TestClasses.TC01LoginPageFuctionality -->
      <class name="com.RealProject.TestClasses.TC03AddToCartFuctionality">
        <test-method is-config="true" signature="setup(java.lang.String)[pri:0, instance:com.RealProject.TestClasses.TC03AddToCartFuctionality@662b4c69]" started-at="2022-04-15T23:28:16 IST" name="setup" finished-at="2022-04-15T23:28:20 IST" duration-ms="3721" status="PASS">
          <params>
            <param index="0">
              <value>
                <![CDATA[chrome]]>
              </value>
            </param>
          </params>
          <reporter-output>
          </reporter-output>
        </test-method> <!-- setup -->
        <test-method is-config="true" signature="login()[pri:0, instance:com.RealProject.TestClasses.TC03AddToCartFuctionality@662b4c69]" started-at="2022-04-15T23:28:20 IST" name="login" finished-at="2022-04-15T23:28:20 IST" duration-ms="571" status="PASS">
          <reporter-output>
          </reporter-output>
        </test-method> <!-- login -->
        <test-method signature="AddToCartFuctionality()[pri:0, instance:com.RealProject.TestClasses.TC03AddToCartFuctionality@662b4c69]" started-at="2022-04-15T23:28:20 IST" name="AddToCartFuctionality" finished-at="2022-04-15T23:28:20 IST" duration-ms="87" status="FAIL">
          <exception class="org.openqa.selenium.InvalidSelectorException">
            <message>
              <![CDATA[invalid selector: Unable to locate an element with the xpath expression (//button[text()='Remove'] because of the following error:
SyntaxError: Failed to execute 'evaluate' on 'Document': The string '(//button[text()='Remove']' is not a valid XPath expression.
  (Session info: chrome=100.0.4896.88)
For documentation on this error, please visit: http://seleniumhq.org/exceptions/invalid_selector_exception.html
Build info: version: '3.14.0', revision: 'aacccce0', time: '2018-08-02T20:19:58.91Z'
System info: host: 'DESKTOP-3VEJOSG', ip: '192.168.132.228', os.name: 'Windows 10', os.arch: 'amd64', os.version: '10.0', java.version: '17.0.1'
Driver info: org.openqa.selenium.chrome.ChromeDriver
Capabilities {acceptInsecureCerts: false, browserName: chrome, browserVersion: 100.0.4896.88, chrome: {chromedriverVersion: 99.0.4844.51 (d537ec02474b5..., userDataDir: C:\Users\AKASHW~1\AppData\L...}, goog:chromeOptions: {debuggerAddress: localhost:57397}, javascriptEnabled: true, networkConnectionEnabled: false, pageLoadStrategy: normal, platform: WINDOWS, platformName: WINDOWS, proxy: Proxy(), setWindowRect: true, strictFileInteractability: false, timeouts: {implicit: 0, pageLoad: 300000, script: 30000}, unhandledPromptBehavior: dismiss and notify, webauthn:extension:credBlob: true, webauthn:extension:largeBlob: true, webauthn:virtualAuthenticators: true}
Session ID: 97ea4cf3b7c61d048ca7cebff8c0552e
*** Element info: {Using=xpath, value=(//button[text()='Remove']}]]>
            </message>
            <full-stacktrace>
              <![CDATA[org.openqa.selenium.InvalidSelectorException: invalid selector: Unable to locate an element with the xpath expression (//button[text()='Remove'] because of the following error:
SyntaxError: Failed to execute 'evaluate' on 'Document': The string '(//button[text()='Remove']' is not a valid XPath expression.
  (Session info: chrome=100.0.4896.88)
For documentation on this error, please visit: http://seleniumhq.org/exceptions/invalid_selector_exception.html
Build info: version: '3.14.0', revision: 'aacccce0', time: '2018-08-02T20:19:58.91Z'
System info: host: 'DESKTOP-3VEJOSG', ip: '192.168.132.228', os.name: 'Windows 10', os.arch: 'amd64', os.version: '10.0', java.version: '17.0.1'
Driver info: org.openqa.selenium.chrome.ChromeDriver
Capabilities {acceptInsecureCerts: false, browserName: chrome, browserVersion: 100.0.4896.88, chrome: {chromedriverVersion: 99.0.4844.51 (d537ec02474b5..., userDataDir: C:\Users\AKASHW~1\AppData\L...}, goog:chromeOptions: {debuggerAddress: localhost:57397}, javascriptEnabled: true, networkConnectionEnabled: false, pageLoadStrategy: normal, platform: WINDOWS, platformName: WINDOWS, proxy: Proxy(), setWindowRect: true, strictFileInteractability: false, timeouts: {implicit: 0, pageLoad: 300000, script: 30000}, unhandledPromptBehavior: dismiss and notify, webauthn:extension:credBlob: true, webauthn:extension:largeBlob: true, webauthn:virtualAuthenticators: true}
Session ID: 97ea4cf3b7c61d048ca7cebff8c0552e
*** Element info: {Using=xpath, value=(//button[text()='Remove']}
at java.base/jdk.internal.reflect.NativeConstructorAccessorImpl.newInstance0(Native Method)
at java.base/jdk.internal.reflect.NativeConstructorAccessorImpl.newInstance(NativeConstructorAccessorImpl.java:77)
at java.base/jdk.internal.reflect.DelegatingConstructorAccessorImpl.newInstance(DelegatingConstructorAccessorImpl.java:45)
at java.base/java.lang.reflect.Constructor.newInstanceWithCaller(Constructor.java:499)
at java.base/java.lang.reflect.Constructor.newInstance(Constructor.java:480)
at org.openqa.selenium.remote.http.W3CHttpResponseCodec.createException(W3CHttpResponseCodec.java:187)
at org.openqa.selenium.remote.http.W3CHttpResponseCodec.decode(W3CHttpResponseCodec.java:122)
at org.openqa.selenium.remote.http.W3CHttpResponseCodec.decode(W3CHttpResponseCodec.java:49)
at org.openqa.selenium.remote.HttpCommandExecutor.execute(HttpCommandExecutor.java:158)
at org.openqa.selenium.remote.service.DriverCommandExecutor.execute(DriverCommandExecutor.java:83)
at org.openqa.selenium.remote.RemoteWebDriver.execute(RemoteWebDriver.java:548)
at org.openqa.selenium.remote.RemoteWebDriver.findElement(RemoteWebDriver.java:322)
at org.openqa.selenium.remote.RemoteWebDriver.findElementByXPath(RemoteWebDriver.java:424)
at org.openqa.selenium.By$ByXPath.findElement(By.java:353)
at org.openqa.selenium.remote.RemoteWebDriver.findElement(RemoteWebDriver.java:314)
at org.openqa.selenium.support.pagefactory.DefaultElementLocator.findElement(DefaultElementLocator.java:69)
at org.openqa.selenium.support.pagefactory.internal.LocatingElementHandler.invoke(LocatingElementHandler.java:38)
at jdk.proxy2/jdk.proxy2.$Proxy17.getText(Unknown Source)
at com.RealProject.POMClasses.HomePage.cartCount(HomePage.java:39)
at com.RealProject.TestClasses.TC03AddToCartFuctionality.AddToCartFuctionality(TC03AddToCartFuctionality.java:18)
at java.base/jdk.internal.reflect.NativeMethodAccessorImpl.invoke0(Native Method)
at java.base/jdk.internal.reflect.NativeMethodAccessorImpl.invoke(NativeMethodAccessorImpl.java:77)
at java.base/jdk.internal.reflect.DelegatingMethodAccessorImpl.invoke(DelegatingMethodAccessorImpl.java:43)
at java.base/java.lang.reflect.Method.invoke(Method.java:568)
at org.testng.internal.MethodInvocationHelper.invokeMethod(MethodInvocationHelper.java:133)
at org.testng.internal.TestInvoker.invokeMethod(TestInvoker.java:598)
at org.testng.internal.TestInvoker.invokeTestMethod(TestInvoker.java:173)
at org.testng.internal.MethodRunner.runInSequence(MethodRunner.java:46)
at org.testng.internal.TestInvoker$MethodInvocationAgent.invoke(TestInvoker.java:824)
at org.testng.internal.TestInvoker.invokeTestMethods(TestInvoker.java:146)
at org.testng.internal.TestMethodWorker.invokeTestMethods(TestMethodWorker.java:146)
at org.testng.internal.TestMethodWorker.run(TestMethodWorker.java:128)
at java.base/java.util.ArrayList.forEach(ArrayList.java:1511)
at org.testng.TestRunner.privateRun(TestRunner.java:794)
at org.testng.TestRunner.run(TestRunner.java:596)
at org.testng.SuiteRunner.runTest(SuiteRunner.java:377)
at org.testng.SuiteRunner.runSequentially(SuiteRunner.java:371)
at org.testng.SuiteRunner.privateRun(SuiteRunner.java:332)
at org.testng.SuiteRunner.run(SuiteRunner.java:276)
at org.testng.SuiteRunnerWorker.runSuite(SuiteRunnerWorker.java:53)
at org.testng.SuiteRunnerWorker.run(SuiteRunnerWorker.java:96)
at org.testng.TestNG.runSuitesSequentially(TestNG.java:1212)
at org.testng.TestNG.runSuitesLocally(TestNG.java:1134)
at org.testng.TestNG.runSuites(TestNG.java:1063)
at org.testng.TestNG.run(TestNG.java:1031)
at org.testng.remote.AbstractRemoteTestNG.run(AbstractRemoteTestNG.java:115)
at org.testng.remote.RemoteTestNG.initAndRun(RemoteTestNG.java:251)
at org.testng.remote.RemoteTestNG.main(RemoteTestNG.java:77)
]]>
            </full-stacktrace>
          </exception> <!-- org.openqa.selenium.InvalidSelectorException -->
          <reporter-output>
            <line>
              <![CDATA[Execution is started]]>
            </line>
            <line>
              <![CDATA[TestCase is Failed]]>
            </line>
          </reporter-output>
        </test-method> <!-- AddToCartFuctionality -->
        <test-method is-config="true" signature="tearDown()[pri:0, instance:com.RealProject.TestClasses.TC03AddToCartFuctionality@662b4c69]" started-at="2022-04-15T23:28:20 IST" name="tearDown" finished-at="2022-04-15T23:28:20 IST" duration-ms="199" status="PASS">
          <reporter-output>
          </reporter-output>
        </test-method> <!-- tearDown -->
        <test-method is-config="true" signature="CloseBrowser()[pri:0, instance:com.RealProject.TestClasses.TC03AddToCartFuctionality@662b4c69]" started-at="2022-04-15T23:28:20 IST" name="CloseBrowser" finished-at="2022-04-15T23:28:21 IST" duration-ms="302" status="PASS">
          <reporter-output>
          </reporter-output>
        </test-method> <!-- CloseBrowser -->
      </class> <!-- com.RealProject.TestClasses.TC03AddToCartFuctionality -->
    </test> <!-- ChromTest -->
  </suite> <!-- Suite -->
</testng-results>
